21:52:09 23.12.2024 [              deliver.git]: |   INFO|: Downloading (or updating) all repos and store them
21:52:09 23.12.2024 [              deliver.git]: |   INFO|: Updating all repos
21:52:16 23.12.2024 [ depot.database.functions]: |  ERROR|: (sqlite3.DatabaseError) file is not a database
[SQL: SELECT homework.content AS homework_content, homework.is_broken AS homework_is_broken, homework."ID" AS "homework_ID", homework."USER_ID" AS "homework_USER_ID", homework."TASK_ID" AS "homework_TASK_ID", homework.timestamp AS homework_timestamp 
FROM homework 
WHERE homework."ID" = ? AND homework.timestamp = ?
 LIMIT ? OFFSET ?]
[parameters: ('g.Осипчук Артём/20241001/3', 1727892418.0, 1, 0)]
(Background on this error at: https://sqlalche.me/e/20/4xp6)
21:52:26 23.12.2024 [                     make]: |   INFO|: Parse and store all homeworks...
21:52:29 23.12.2024 [                     make]: |   INFO|: Run new checks on all solutions...
21:52:29 23.12.2024 [                     make]: |WARNING|: Not found check named<Him:20240910/1/1> from solution ID=Осипчук Артём:20240910/1, TASK_ID=20240910/1, USER_ID=Осипчук Артём, timestamp=2024-12-21 18:43:44
21:52:29 23.12.2024 [                     make]: |WARNING|: Not found check named<Him:20240910/1/2> from solution ID=Осипчук Артём:20240910/1, TASK_ID=20240910/1, USER_ID=Осипчук Артём, timestamp=2024-12-21 18:43:44
21:52:29 23.12.2024 [                     make]: |WARNING|: Not found check named<Him:20240910/1/3> from solution ID=Осипчук Артём:20240910/1, TASK_ID=20240910/1, USER_ID=Осипчук Артём, timestamp=2024-12-21 18:43:44
22:04:18 23.12.2024 [              deliver.git]: |   INFO|: Downloading (or updating) all repos and store them
22:04:18 23.12.2024 [              deliver.git]: |   INFO|: Updating all repos
22:04:30 23.12.2024 [                     make]: |   INFO|: Parse and store all homeworks...
22:04:31 23.12.2024 [                     make]: |   INFO|: Run new checks on all solutions...
22:04:32 23.12.2024 [                     make]: |WARNING|: Not found check named<Him:20240910/1/1> from solution ID=Осипчук Артём:20240910/1, TASK_ID=20240910/1, USER_ID=Осипчук Артём, timestamp=2024-12-21 18:43:44
22:04:32 23.12.2024 [                     make]: |WARNING|: Not found check named<Him:20240910/1/2> from solution ID=Осипчук Артём:20240910/1, TASK_ID=20240910/1, USER_ID=Осипчук Артём, timestamp=2024-12-21 18:43:44
22:04:32 23.12.2024 [                     make]: |WARNING|: Not found check named<Him:20240910/1/3> from solution ID=Осипчук Артём:20240910/1, TASK_ID=20240910/1, USER_ID=Осипчук Артём, timestamp=2024-12-21 18:43:44
22:05:12 23.12.2024 [                    score]: |WARNING|: Empty task_qualifier file
22:05:12 23.12.2024 [                    score]: |WARNING|: Empty user_qualifier file
22:05:12 23.12.2024 [                    score]: |WARNING|: Empty formula file
22:05:12 23.12.2024 [                    score]: |   INFO|: Importing user functions...
22:05:12 23.12.2024 [                    score]: |   INFO|: Performing all imported qualifiers...
22:06:10 23.12.2024 [              deliver.git]: |   INFO|: Downloading (or updating) all repos and store them
22:06:10 23.12.2024 [              deliver.git]: |   INFO|: Updating all repos
22:06:22 23.12.2024 [                     make]: |   INFO|: Parse and store all homeworks...
22:06:24 23.12.2024 [                     make]: |   INFO|: Run new checks on all solutions...
22:08:04 23.12.2024 [                     make]: |WARNING|: Not found check named<Him:20240910/1/1> from solution ID=Осипчук Артём:20240910/1, TASK_ID=20240910/1, USER_ID=Осипчук Артём, timestamp=2024-12-21 18:43:44
22:08:04 23.12.2024 [                     make]: |WARNING|: Not found check named<Him:20240910/1/2> from solution ID=Осипчук Артём:20240910/1, TASK_ID=20240910/1, USER_ID=Осипчук Артём, timestamp=2024-12-21 18:43:44
22:08:04 23.12.2024 [                     make]: |WARNING|: Not found check named<Him:20240910/1/3> from solution ID=Осипчук Артём:20240910/1, TASK_ID=20240910/1, USER_ID=Осипчук Артём, timestamp=2024-12-21 18:43:44
22:08:17 23.12.2024 [                    score]: |   INFO|: Importing user functions...
22:08:17 23.12.2024 [                    score]: |   INFO|: Performing all imported qualifiers...
22:08:31 23.12.2024 [              control.cli]: |  ERROR|: Unknown object 'results'
22:08:44 23.12.2024 [              control.cli]: |  ERROR|: Unknown object 'results'
22:40:45 23.12.2024 [              deliver.git]: |   INFO|: Downloading (or updating) all repos and store them
22:40:45 23.12.2024 [              deliver.git]: |   INFO|: Updating all repos
22:40:57 23.12.2024 [                     make]: |   INFO|: Parse and store all homeworks...
22:40:58 23.12.2024 [                     make]: |   INFO|: Run new checks on all solutions...
22:40:59 23.12.2024 [                     make]: |WARNING|: Not found check named<Him:20240910/1/1> from solution ID=Осипчук Артём:20240910/1, TASK_ID=20240910/1, USER_ID=Осипчук Артём, timestamp=2024-12-21 18:43:44
22:40:59 23.12.2024 [                     make]: |WARNING|: Not found check named<Him:20240910/1/2> from solution ID=Осипчук Артём:20240910/1, TASK_ID=20240910/1, USER_ID=Осипчук Артём, timestamp=2024-12-21 18:43:44
22:40:59 23.12.2024 [                     make]: |WARNING|: Not found check named<Him:20240910/1/3> from solution ID=Осипчук Артём:20240910/1, TASK_ID=20240910/1, USER_ID=Осипчук Артём, timestamp=2024-12-21 18:43:44
22:41:12 23.12.2024 [                    score]: |   INFO|: Importing user functions...
22:41:12 23.12.2024 [                    score]: |   INFO|: Performing all imported qualifiers...
22:43:53 23.12.2024 [              deliver.git]: |   INFO|: Downloading (or updating) all repos and store them
22:43:53 23.12.2024 [              deliver.git]: |   INFO|: Updating all repos
22:44:06 23.12.2024 [                     make]: |   INFO|: Parse and store all homeworks...
22:44:07 23.12.2024 [                     make]: |   INFO|: Run new checks on all solutions...
22:44:07 23.12.2024 [                     make]: |WARNING|: Not found check named<Him:20240910/1/1> from solution ID=Осипчук Артём:20240910/1, TASK_ID=20240910/1, USER_ID=Осипчук Артём, timestamp=2024-12-21 18:43:44
22:44:07 23.12.2024 [                     make]: |WARNING|: Not found check named<Him:20240910/1/2> from solution ID=Осипчук Артём:20240910/1, TASK_ID=20240910/1, USER_ID=Осипчук Артём, timestamp=2024-12-21 18:43:44
22:44:07 23.12.2024 [                     make]: |WARNING|: Not found check named<Him:20240910/1/3> from solution ID=Осипчук Артём:20240910/1, TASK_ID=20240910/1, USER_ID=Осипчук Артём, timestamp=2024-12-21 18:43:44
22:44:21 23.12.2024 [                    score]: |   INFO|: Importing user functions...
22:44:21 23.12.2024 [                    score]: |   INFO|: Performing all imported qualifiers...
